
{
    "text-1": "Atlantic SC School",
    "number-1": "",
    "textarea-1": "dfgdfg",
    "name-1": "Muhammad Shah jalal",
    "phone-1": "",
    "address-1-street_address": "N. 81BEo, Street 9512304",
    "address-1-address_line": "Phnom Penh",
    "address-1-city": "Phnom Penh",
    "address-1-state": "Phnom Penh",
    "address-1-zip": "95123",
    "address-1-country": "Cambodia",
    "email-1": "ffshahjalal@gmail.com",
    "referer_url": "",
    "forminator_nonce": "412af4e0e7",
    "_wp_http_referer": "/atlanticscschool/create-order/",
    "form_id": "2039",
    "page_id": "2040",
    "form_type": "default",
    "current_url": "http://localhost/atlanticscschool/create-order/",
    "render_id": "0",
    "action": "forminator_submit_form_custom-forms"
} - 2024-09-07 11:15:09

